<?xml version="1.0" encoding="UTF-8"?>
<testng-results ignored="0" total="1" passed="1" failed="0" skipped="0">
  <reporter-output>
  </reporter-output>
  <suite started-at="2023-04-24T13:27:38 IST" name="Default suite" finished-at="2023-04-24T13:27:55 IST" duration-ms="17794">
    <groups>
    </groups>
    <test started-at="2023-04-24T13:27:38 IST" name="Default test" finished-at="2023-04-24T13:27:55 IST" duration-ms="17794">
      <class name="quess.NewTest">
        <test-method signature="f()[pri:0, instance:quess.NewTest@6da21078]" started-at="2023-04-24T13:27:38 IST" name="f" finished-at="2023-04-24T13:27:55 IST" duration-ms="17745" status="PASS">
          <reporter-output>
          </reporter-output>
        </test-method> <!-- f -->
      </class> <!-- quess.NewTest -->
    </test> <!-- Default test -->
  </suite> <!-- Default suite -->
</testng-results>
